<?xml version="1.0" encoding="UTF-8"?>
<testng-results ignored="0" total="1" passed="1" failed="0" skipped="0">
  <reporter-output>
  </reporter-output>
  <suite started-at="2023-12-07T23:14:05 IST" name="Default suite" finished-at="2023-12-07T23:14:10 IST" duration-ms="4503">
    <groups>
    </groups>
    <test started-at="2023-12-07T23:14:05 IST" name="Default test" finished-at="2023-12-07T23:14:10 IST" duration-ms="4503">
      <class name="Java_Selenium.Product.App">
        <test-method signature="demoTest()[pri:0, instance:Java_Selenium.Product.App@7a69b07]" started-at="2023-12-07T23:14:05 IST" name="demoTest" finished-at="2023-12-07T23:14:10 IST" duration-ms="4481" status="PASS">
          <reporter-output>
          </reporter-output>
        </test-method> <!-- demoTest -->
      </class> <!-- Java_Selenium.Product.App -->
    </test> <!-- Default test -->
  </suite> <!-- Default suite -->
</testng-results>
